{"timestamp": "2026-05-09T04:11:12.073716+00:00", "signal": {"ticker": "AAPL", "signal": "SELL", "confidence": 0.59}, "action": "NO_ACTION", "position": null}
{"timestamp": "2026-05-09T04:11:39.729828+00:00", "signal": {"ticker": "AAPL", "signal": "BUY", "confidence": 0.83}, "action": "ENTER_LONG", "position": "LONG"}
{"timestamp": "2026-05-09T04:12:07.203981+00:00", "signal": {"ticker": "AAPL", "signal": "HOLD", "confidence": 0.58}, "action": "NO_ACTION", "position": "LONG"}
{"timestamp": "2026-05-09T04:12:33.956973+00:00", "signal": {"ticker": "AAPL", "signal": "SELL", "confidence": 0.59}, "action": "NO_ACTION", "position": "LONG"}
{"timestamp": "2026-05-09T04:13:00.431247+00:00", "signal": {"ticker": "AAPL", "signal": "HOLD", "confidence": 0.54}, "action": "NO_ACTION", "position": "LONG"}
{"timestamp": "2026-05-09T04:13:27.072888+00:00", "signal": {"ticker": "AAPL", "signal": "BUY", "confidence": 0.56}, "action": "NO_ACTION", "position": "LONG"}
{"timestamp": "2026-05-09T04:13:53.637542+00:00", "signal": {"ticker": "AAPL", "signal": "BUY", "confidence": 0.72}, "action": "NO_ACTION", "position": "LONG"}
{"timestamp": "2026-05-09T04:14:21.125852+00:00", "signal": {"ticker": "AAPL", "signal": "SELL", "confidence": 0.57}, "action": "NO_ACTION", "position": "LONG"}
{"timestamp": "2026-05-09T04:14:47.601447+00:00", "signal": {"ticker": "AAPL", "signal": "HOLD", "confidence": 0.92}, "action": "NO_ACTION", "position": "LONG"}
{"timestamp": "2026-05-09T04:15:14.033347+00:00", "signal": {"ticker": "AAPL", "signal": "HOLD", "confidence": 0.73}, "action": "NO_ACTION", "position": "LONG"}
{"timestamp": "2026-05-09T04:15:40.643520+00:00", "signal": {"ticker": "AAPL", "signal": "HOLD", "confidence": 0.89}, "action": "NO_ACTION", "position": "LONG"}
{"timestamp": "2026-05-09T04:16:07.103396+00:00", "signal": {"ticker": "AAPL", "signal": "SELL", "confidence": 0.94}, "action": "EXIT_LONG", "position": null}
{"timestamp": "2026-05-09T04:16:33.537679+00:00", "signal": {"ticker": "AAPL", "signal": "BUY", "confidence": 0.89}, "action": "ENTER_LONG", "position": "LONG"}
{"timestamp": "2026-05-09T04:17:00.020874+00:00", "signal": {"ticker": "AAPL", "signal": "HOLD", "confidence": 0.82}, "action": "NO_ACTION", "position": "LONG"}
{"timestamp": "2026-05-09T04:17:26.521818+00:00", "signal": {"ticker": "AAPL", "signal": "HOLD", "confidence": 0.57}, "action": "NO_ACTION", "position": "LONG"}
{"timestamp": "2026-05-09T04:17:53.176335+00:00", "signal": {"ticker": "AAPL", "signal": "BUY", "confidence": 0.88}, "action": "NO_ACTION", "position": "LONG"}
{"timestamp": "2026-05-09T04:18:19.685938+00:00", "signal": {"ticker": "AAPL", "signal": "SELL", "confidence": 0.83}, "action": "EXIT_LONG", "position": null}
{"timestamp": "2026-05-09T04:18:46.183077+00:00", "signal": {"ticker": "AAPL", "signal": "SELL", "confidence": 0.75}, "action": "NO_ACTION", "position": null}
{"timestamp": "2026-05-09T04:19:12.895357+00:00", "signal": {"ticker": "AAPL", "signal": "HOLD", "confidence": 0.79}, "action": "NO_ACTION", "position": null}
{"timestamp": "2026-05-09T04:19:39.621921+00:00", "signal": {"ticker": "AAPL", "signal": "SELL", "confidence": 0.77}, "action": "NO_ACTION", "position": null}
{"timestamp": "2026-05-09T04:20:06.069940+00:00", "signal": {"ticker": "AAPL", "signal": "BUY", "confidence": 0.52}, "action": "NO_ACTION", "position": null}
{"timestamp": "2026-05-09T04:20:32.850556+00:00", "signal": {"ticker": "AAPL", "signal": "BUY", "confidence": 0.81}, "action": "ENTER_LONG", "position": "LONG"}
{"timestamp": "2026-05-09T04:20:59.780362+00:00", "signal": {"ticker": "AAPL", "signal": "SELL", "confidence": 0.69}, "action": "NO_ACTION", "position": "LONG"}
{"timestamp": "2026-05-09T04:21:26.635318+00:00", "signal": {"ticker": "AAPL", "signal": "SELL", "confidence": 0.82}, "action": "EXIT_LONG", "position": null}
{"timestamp": "2026-05-09T04:21:53.397676+00:00", "signal": {"ticker": "AAPL", "signal": "SELL", "confidence": 0.94}, "action": "NO_ACTION", "position": null}
{"timestamp": "2026-05-09T04:22:20.001680+00:00", "signal": {"ticker": "AAPL", "signal": "HOLD", "confidence": 0.82}, "action": "NO_ACTION", "position": null}
{"timestamp": "2026-05-09T04:22:46.472395+00:00", "signal": {"ticker": "AAPL", "signal": "SELL", "confidence": 0.61}, "action": "NO_ACTION", "position": null}
{"timestamp": "2026-05-09T04:23:13.162142+00:00", "signal": {"ticker": "AAPL", "signal": "HOLD", "confidence": 0.83}, "action": "NO_ACTION", "position": null}
{"timestamp": "2026-05-09T04:23:39.709959+00:00", "signal": {"ticker": "AAPL", "signal": "HOLD", "confidence": 0.93}, "action": "NO_ACTION", "position": null}
{"timestamp": "2026-05-09T04:24:06.412279+00:00", "signal": {"ticker": "AAPL", "signal": "HOLD", "confidence": 0.76}, "action": "NO_ACTION", "position": null}
{"timestamp": "2026-05-09T04:24:32.930646+00:00", "signal": {"ticker": "AAPL", "signal": "SELL", "confidence": 0.6}, "action": "NO_ACTION", "position": null}
{"timestamp": "2026-05-09T04:24:59.508543+00:00", "signal": {"ticker": "AAPL", "signal": "HOLD", "confidence": 0.67}, "action": "NO_ACTION", "position": null}
{"timestamp": "2026-05-09T04:25:26.578637+00:00", "signal": {"ticker": "AAPL", "signal": "SELL", "confidence": 0.72}, "action": "NO_ACTION", "position": null}
{"timestamp": "2026-05-09T04:25:53.371469+00:00", "signal": {"ticker": "AAPL", "signal": "HOLD", "confidence": 0.9}, "action": "NO_ACTION", "position": null}
{"timestamp": "2026-05-09T04:26:19.895305+00:00", "signal": {"ticker": "AAPL", "signal": "BUY", "confidence": 0.55}, "action": "NO_ACTION", "position": null}
{"timestamp": "2026-05-09T04:26:46.424003+00:00", "signal": {"ticker": "AAPL", "signal": "BUY", "confidence": 0.66}, "action": "NO_ACTION", "position": null}
{"timestamp": "2026-05-09T04:27:13.017546+00:00", "signal": {"ticker": "AAPL", "signal": "SELL", "confidence": 0.55}, "action": "NO_ACTION", "position": null}
{"timestamp": "2026-05-09T04:27:39.890988+00:00", "signal": {"ticker": "AAPL", "signal": "BUY", "confidence": 0.78}, "action": "ENTER_LONG", "position": "LONG"}
{"timestamp": "2026-05-09T04:28:06.513010+00:00", "signal": {"ticker": "AAPL", "signal": "BUY", "confidence": 0.84}, "action": "NO_ACTION", "position": "LONG"}
{"timestamp": "2026-05-09T04:28:33.510676+00:00", "signal": {"ticker": "AAPL", "signal": "HOLD", "confidence": 0.61}, "action": "NO_ACTION", "position": "LONG"}
{"timestamp": "2026-05-09T04:29:00.445128+00:00", "signal": {"ticker": "AAPL", "signal": "HOLD", "confidence": 0.57}, "action": "NO_ACTION", "position": "LONG"}
{"timestamp": "2026-05-09T04:29:27.152450+00:00", "signal": {"ticker": "AAPL", "signal": "BUY", "confidence": 0.82}, "action": "NO_ACTION", "position": "LONG"}
{"timestamp": "2026-05-09T04:29:54.180648+00:00", "signal": {"ticker": "AAPL", "signal": "HOLD", "confidence": 0.85}, "action": "NO_ACTION", "position": "LONG"}
{"timestamp": "2026-05-09T04:30:20.794856+00:00", "signal": {"ticker": "AAPL", "signal": "BUY", "confidence": 0.53}, "action": "NO_ACTION", "position": "LONG"}
{"timestamp": "2026-05-09T04:32:50.594291+00:00", "signal": {"ticker": "AAPL", "signal": "BUY", "confidence": 0.86}, "action": "ENTER_LONG", "position": "LONG"}
{"timestamp": "2026-05-09T04:33:02.127789+00:00", "signal": {"ticker": "AAPL", "signal": "BUY", "confidence": 0.75}, "action": "NO_ACTION", "position": "LONG"}
{"timestamp": "2026-05-09T04:33:13.482293+00:00", "signal": {"ticker": "AAPL", "signal": "SELL", "confidence": 0.86}, "action": "EXIT_LONG", "position": null}
{"timestamp": "2026-05-09T04:33:24.886608+00:00", "signal": {"ticker": "AAPL", "signal": "HOLD", "confidence": 0.91}, "action": "NO_ACTION", "position": null}
{"timestamp": "2026-05-09T04:33:36.321944+00:00", "signal": {"ticker": "AAPL", "signal": "SELL", "confidence": 0.69}, "action": "NO_ACTION", "position": null}
{"timestamp": "2026-05-09T04:33:47.869311+00:00", "signal": {"ticker": "AAPL", "signal": "SELL", "confidence": 0.87}, "action": "NO_ACTION", "position": null}
{"timestamp": "2026-05-09T04:33:59.264571+00:00", "signal": {"ticker": "AAPL", "signal": "BUY", "confidence": 0.75}, "action": "ENTER_LONG", "position": "LONG"}
{"timestamp": "2026-05-09T04:34:10.714508+00:00", "signal": {"ticker": "AAPL", "signal": "HOLD", "confidence": 0.81}, "action": "NO_ACTION", "position": "LONG"}
{"timestamp": "2026-05-09T04:34:22.234048+00:00", "signal": {"ticker": "AAPL", "signal": "SELL", "confidence": 0.74}, "action": "EXIT_LONG", "position": null}
{"timestamp": "2026-05-09T04:34:33.710877+00:00", "signal": {"ticker": "AAPL", "signal": "BUY", "confidence": 0.94}, "action": "ENTER_LONG", "position": "LONG"}
{"timestamp": "2026-05-09T04:34:45.200603+00:00", "signal": {"ticker": "AAPL", "signal": "SELL", "confidence": 0.67}, "action": "NO_ACTION", "position": "LONG"}
{"timestamp": "2026-05-09T04:34:56.650471+00:00", "signal": {"ticker": "AAPL", "signal": "BUY", "confidence": 0.72}, "action": "NO_ACTION", "position": "LONG"}
{"timestamp": "2026-05-09T04:35:08.043480+00:00", "signal": {"ticker": "AAPL", "signal": "HOLD", "confidence": 0.6}, "action": "NO_ACTION", "position": "LONG"}
{"timestamp": "2026-05-09T04:40:53.142227+00:00", "signal": {"ticker": "AAPL", "signal": "SELL", "confidence": 0.54}, "action": "NO_ACTION", "position": null}
{"timestamp": "2026-05-09T04:41:04.521391+00:00", "signal": {"ticker": "AAPL", "signal": "HOLD", "confidence": 0.57}, "action": "NO_ACTION", "position": null}
{"timestamp": "2026-05-09T04:41:15.814384+00:00", "signal": {"ticker": "AAPL", "signal": "HOLD", "confidence": 0.66}, "action": "NO_ACTION", "position": null}
{"timestamp": "2026-05-09T04:41:27.140785+00:00", "signal": {"ticker": "AAPL", "signal": "SELL", "confidence": 0.69}, "action": "NO_ACTION", "position": null}
{"timestamp": "2026-05-09T04:41:38.416340+00:00", "signal": {"ticker": "AAPL", "signal": "BUY", "confidence": 0.81}, "action": "ENTER_LONG", "position": "LONG"}
{"timestamp": "2026-05-09T04:59:42.434319+00:00", "signal": {"ticker": "AAPL", "signal": "HOLD", "confidence": 0.91}, "action": "NO_ACTION", "position": null}
{"timestamp": "2026-05-09T04:59:53.792263+00:00", "signal": {"ticker": "AAPL", "signal": "SELL", "confidence": 0.71}, "action": "NO_ACTION", "position": null}
{"timestamp": "2026-05-09T05:00:05.064959+00:00", "signal": {"ticker": "AAPL", "signal": "SELL", "confidence": 0.64}, "action": "NO_ACTION", "position": null}
{"timestamp": "2026-05-09T05:00:16.377667+00:00", "signal": {"ticker": "AAPL", "signal": "SELL", "confidence": 0.57}, "action": "NO_ACTION", "position": null}
{"timestamp": "2026-05-09T05:00:27.700924+00:00", "signal": {"ticker": "AAPL", "signal": "SELL", "confidence": 0.51}, "action": "NO_ACTION", "position": null}
{"timestamp": "2026-05-09T05:00:38.963949+00:00", "signal": {"ticker": "AAPL", "signal": "BUY", "confidence": 0.55}, "action": "NO_ACTION", "position": null}
{"timestamp": "2026-05-09T05:00:50.411073+00:00", "signal": {"ticker": "AAPL", "signal": "SELL", "confidence": 0.58}, "action": "NO_ACTION", "position": null}
{"timestamp": "2026-05-09T05:12:01.103468Z", "signal": {"ticker": "AAPL", "signal": "HOLD", "confidence": 0.85}, "action": "NO_ACTION", "position": null}
{"timestamp": "2026-05-09T05:12:12.396151Z", "signal": {"ticker": "AAPL", "signal": "HOLD", "confidence": 0.9}, "action": "NO_ACTION", "position": null}
